Removed Pin From Net: NetName=DC_VPV Pin=C3-1
Removed Pin From Net: NetName=5V_VPV Pin=C3-2
Removed Pin From Net: NetName=DC_IPV Pin=C6-1
Removed Pin From Net: NetName=NetC5_2 Pin=C6-2
Removed Pin From Net: NetName=DC_IPV Pin=C7-1
Removed Pin From Net: NetName=5V_IPV Pin=C7-2
Removed Pin From Net: NetName=V_G Pin=C10-1
Removed Pin From Net: NetName=NetC9_2 Pin=C10-2
Removed Pin From Net: NetName=V_G Pin=C11-1
Removed Pin From Net: NetName=5V_Grid Pin=C11-2
Removed Pin From Net: NetName=U_G Pin=C14-1
Removed Pin From Net: NetName=NetC13_2 Pin=C14-2
Removed Pin From Net: NetName=U_G Pin=C15-1
Removed Pin From Net: NetName=5V_Iinv Pin=C15-2
Removed Pin From Net: NetName=GND_VPV Pin=C18-1
Removed Pin From Net: NetName=NetC17_2 Pin=C18-2
Removed Pin From Net: NetName=GND_VPV Pin=C19-1
Removed Pin From Net: NetName=3.3V_VPV Pin=C19-2
Removed Pin From Net: NetName=GND_IPV Pin=C22-1
Removed Pin From Net: NetName=NetC21_2 Pin=C22-2
Removed Pin From Net: NetName=GND_IPV Pin=C23-1
Removed Pin From Net: NetName=3.3V_IPV Pin=C23-2
Removed Pin From Net: NetName=GND_Grid Pin=C26-1
Removed Pin From Net: NetName=NetC25_2 Pin=C26-2
Removed Pin From Net: NetName=GND_Grid Pin=C27-1
Removed Pin From Net: NetName=3.3V_Grid Pin=C27-2
Removed Pin From Net: NetName=GND_Iinv Pin=C30-1
Removed Pin From Net: NetName=NetC29_2 Pin=C30-2
Removed Pin From Net: NetName=GND_Iinv Pin=C31-1
Removed Pin From Net: NetName=3.3V_Iinv Pin=C31-2
Removed Pin From Net: NetName=GND_Grid_Ref Pin=C34-1
Removed Pin From Net: NetName=NetC33_2 Pin=C34-2
Removed Pin From Net: NetName=GND_Grid_Ref Pin=C35-1
Removed Pin From Net: NetName=3.3V_Grid_Ref Pin=C35-2
Removed Pin From Net: NetName=GND_Iinv_Ref Pin=C38-1
Removed Pin From Net: NetName=NetC37_2 Pin=C38-2
Removed Pin From Net: NetName=GND_Iinv_Ref Pin=C39-1
Removed Pin From Net: NetName=3.3V_Iinv_Ref Pin=C39-2
Removed Pin From Net: NetName=NetPowerA_2 Pin=R1-1
Removed Pin From Net: NetName=5V_VPV Pin=R1-2
Removed Pin From Net: NetName=NetPowerB_2 Pin=R2-1
Removed Pin From Net: NetName=5V_IPV Pin=R2-2
Removed Pin From Net: NetName=NetPowerC_2 Pin=R3-1
Removed Pin From Net: NetName=5V_Grid Pin=R3-2
Removed Pin From Net: NetName=NetPowerD_2 Pin=R4-1
Removed Pin From Net: NetName=5V_Iinv Pin=R4-2
Removed Pin From Net: NetName=NetPowerE_2 Pin=R5-1
Removed Pin From Net: NetName=3.3V_VPV Pin=R5-2
Removed Pin From Net: NetName=NetPowerF_2 Pin=R6-1
Removed Pin From Net: NetName=3.3V_IPV Pin=R6-2
Removed Pin From Net: NetName=NetPowerG_2 Pin=R7-1
Removed Pin From Net: NetName=3.3V_Grid Pin=R7-2
Removed Pin From Net: NetName=NetPowerH_2 Pin=R8-1
Removed Pin From Net: NetName=3.3V_Iinv Pin=R8-2
Removed Pin From Net: NetName=NetPowerI_2 Pin=R9-1
Removed Pin From Net: NetName=3.3V_Grid_Ref Pin=R9-2
Removed Pin From Net: NetName=NetPowerJ_2 Pin=R10-1
Removed Pin From Net: NetName=3.3V_Iinv_Ref Pin=R10-2
Added Pin To Net: NetName=5V_VPV Pin=C3-1
Added Pin To Net: NetName=DC_VPV Pin=C3-2
Added Pin To Net: NetName=NetC5_2 Pin=C6-1
Added Pin To Net: NetName=DC_IPV Pin=C6-2
Added Pin To Net: NetName=5V_IPV Pin=C7-1
Added Pin To Net: NetName=DC_IPV Pin=C7-2
Added Pin To Net: NetName=NetC9_2 Pin=C10-1
Added Pin To Net: NetName=V_G Pin=C10-2
Added Pin To Net: NetName=5V_Grid Pin=C11-1
Added Pin To Net: NetName=V_G Pin=C11-2
Added Pin To Net: NetName=NetC13_2 Pin=C14-1
Added Pin To Net: NetName=U_G Pin=C14-2
Added Pin To Net: NetName=5V_Iinv Pin=C15-1
Added Pin To Net: NetName=U_G Pin=C15-2
Added Pin To Net: NetName=NetC17_2 Pin=C18-1
Added Pin To Net: NetName=GND_VPV Pin=C18-2
Added Pin To Net: NetName=3.3V_VPV Pin=C19-1
Added Pin To Net: NetName=GND_VPV Pin=C19-2
Added Pin To Net: NetName=NetC21_2 Pin=C22-1
Added Pin To Net: NetName=GND_IPV Pin=C22-2
Added Pin To Net: NetName=3.3V_IPV Pin=C23-1
Added Pin To Net: NetName=GND_IPV Pin=C23-2
Added Pin To Net: NetName=NetC25_2 Pin=C26-1
Added Pin To Net: NetName=GND_Grid Pin=C26-2
Added Pin To Net: NetName=3.3V_Grid Pin=C27-1
Added Pin To Net: NetName=GND_Grid Pin=C27-2
Added Pin To Net: NetName=NetC29_2 Pin=C30-1
Added Pin To Net: NetName=GND_Iinv Pin=C30-2
Added Pin To Net: NetName=3.3V_Iinv Pin=C31-1
Added Pin To Net: NetName=GND_Iinv Pin=C31-2
Added Pin To Net: NetName=NetC33_2 Pin=C34-1
Added Pin To Net: NetName=GND_Grid_Ref Pin=C34-2
Added Pin To Net: NetName=3.3V_Grid_Ref Pin=C35-1
Added Pin To Net: NetName=GND_Grid_Ref Pin=C35-2
Added Pin To Net: NetName=NetC37_2 Pin=C38-1
Added Pin To Net: NetName=GND_Iinv_Ref Pin=C38-2
Added Pin To Net: NetName=3.3V_Iinv_Ref Pin=C39-1
Added Pin To Net: NetName=GND_Iinv_Ref Pin=C39-2
Added Pin To Net: NetName=5V_VPV Pin=R1-1
Added Pin To Net: NetName=NetPowerA_2 Pin=R1-2
Added Pin To Net: NetName=5V_IPV Pin=R2-1
Added Pin To Net: NetName=NetPowerB_2 Pin=R2-2
Added Pin To Net: NetName=5V_Grid Pin=R3-1
Added Pin To Net: NetName=NetPowerC_2 Pin=R3-2
Added Pin To Net: NetName=5V_Iinv Pin=R4-1
Added Pin To Net: NetName=NetPowerD_2 Pin=R4-2
Added Pin To Net: NetName=3.3V_VPV Pin=R5-1
Added Pin To Net: NetName=NetPowerE_2 Pin=R5-2
Added Pin To Net: NetName=3.3V_IPV Pin=R6-1
Added Pin To Net: NetName=NetPowerF_2 Pin=R6-2
Added Pin To Net: NetName=3.3V_Grid Pin=R7-1
Added Pin To Net: NetName=NetPowerG_2 Pin=R7-2
Added Pin To Net: NetName=3.3V_Iinv Pin=R8-1
Added Pin To Net: NetName=NetPowerH_2 Pin=R8-2
Added Pin To Net: NetName=3.3V_Grid_Ref Pin=R9-1
Added Pin To Net: NetName=NetPowerI_2 Pin=R9-2
Added Pin To Net: NetName=3.3V_Iinv_Ref Pin=R10-1
Added Pin To Net: NetName=NetPowerJ_2 Pin=R10-2
